<html>
<head>
<title>TestNG:  Test</title>
<link href="../testng.css" rel="stylesheet" type="text/css" />
<link href="../my-testng.css" rel="stylesheet" type="text/css" />

<style type="text/css">
.log { display: none;} 
.stack-trace { display: none;} 
</style>
<script type="text/javascript">
<!--
function flip(e) {
  current = e.style.display;
  if (current == 'block') {
    e.style.display = 'none';
    return 0;
  }
  else {
    e.style.display = 'block';
    return 1;
  }
}

function toggleBox(szDivId, elem, msg1, msg2)
{
  var res = -1;  if (document.getElementById) {
    res = flip(document.getElementById(szDivId));
  }
  else if (document.all) {
    // this is the way old msie versions work
    res = flip(document.all[szDivId]);
  }
  if(elem) {
    if(res == 0) elem.innerHTML = msg1; else elem.innerHTML = msg2;
  }

}

function toggleAllBoxes() {
  if (document.getElementsByTagName) {
    d = document.getElementsByTagName('div');
    for (i = 0; i < d.length; i++) {
      if (d[i].className == 'log') {
        flip(d[i]);
      }
    }
  }
}

// -->
</script>

</head>
<body>
<h2 align='center'>Test</h2><table border='1' align="center">
<tr>
<td>Tests passed/Failed/Skipped:</td><td>0/0/9</td>
</tr><tr>
<td>Started on:</td><td>Tue Jun 01 12:30:24 IST 2021</td>
</tr>
<tr><td>Total time:</td><td>0 seconds (366 ms)</td>
</tr><tr>
<td>Included groups:</td><td></td>
</tr><tr>
<td>Excluded groups:</td><td></td>
</tr>
</table><p/>
<small><i>(Hover the method name to see the test class name)</i></small><p/>
<table width='100%' border='1' class='invocation-failed'>
<tr><td colspan='4' align='center'><b>FAILED CONFIGURATIONS</b></td></tr>
<tr><td><b>Test method</b></td>
<td width="30%"><b>Exception</b></td>
<td width="10%"><b>Time (seconds)</b></td>
<td><b>Instance</b></td>
</tr>
<tr>
<td title='com.Guru99.tests.FundTransferTest.intialize()'><b>intialize</b><br>Test class: com.Guru99.tests.FundTransferTest</td>
<td><div><pre>java.io.FileNotFoundException: C:\Codebase\Bankproject\Resources\config\orangehrm.properties (The system cannot find the path specified)
	at java.io.FileInputStream.open0(Native Method)
	at java.io.FileInputStream.open(FileInputStream.java:195)
	at java.io.FileInputStream.&lt;init&gt;(FileInputStream.java:138)
	at com.Guru99.utilities.propertyutil.intializeproperty(propertyutil.java:14)
	at com.Guru99.globaltest.BaseTest.intialize(BaseTest.java:25)
... Removed 19 stack frames</pre></div><a href='#' onClick='toggleBox("stack-trace388043093", this, "Click to show all stack frames", "Click to hide stack frames")'>Click to show all stack frames</a>
<div class='stack-trace' id='stack-trace388043093'><pre>java.io.FileNotFoundException: C:\Codebase\Bankproject\Resources\config\orangehrm.properties (The system cannot find the path specified)
	at java.io.FileInputStream.open0(Native Method)
	at java.io.FileInputStream.open(FileInputStream.java:195)
	at java.io.FileInputStream.&lt;init&gt;(FileInputStream.java:138)
	at com.Guru99.utilities.propertyutil.intializeproperty(propertyutil.java:14)
	at com.Guru99.globaltest.BaseTest.intialize(BaseTest.java:25)
	at sun.reflect.NativeMethodAccessorImpl.invoke0(Native Method)
	at sun.reflect.NativeMethodAccessorImpl.invoke(NativeMethodAccessorImpl.java:62)
	at sun.reflect.DelegatingMethodAccessorImpl.invoke(DelegatingMethodAccessorImpl.java:43)
	at java.lang.reflect.Method.invoke(Method.java:498)
	at org.testng.internal.MethodInvocationHelper.invokeMethod(MethodInvocationHelper.java:133)
	at org.testng.internal.MethodInvocationHelper.invokeMethodConsideringTimeout(MethodInvocationHelper.java:62)
	at org.testng.internal.ConfigInvoker.invokeConfigurationMethod(ConfigInvoker.java:385)
	at org.testng.internal.ConfigInvoker.invokeConfigurations(ConfigInvoker.java:321)
	at org.testng.SuiteRunner.privateRun(SuiteRunner.java:317)
	at org.testng.SuiteRunner.run(SuiteRunner.java:276)
	at org.testng.SuiteRunnerWorker.runSuite(SuiteRunnerWorker.java:53)
	at org.testng.SuiteRunnerWorker.run(SuiteRunnerWorker.java:96)
	at org.testng.TestNG.runSuitesSequentially(TestNG.java:1212)
	at org.testng.TestNG.runSuitesLocally(TestNG.java:1134)
	at org.testng.TestNG.runSuites(TestNG.java:1063)
	at org.testng.TestNG.run(TestNG.java:1031)
	at org.testng.remote.AbstractRemoteTestNG.run(AbstractRemoteTestNG.java:115)
	at org.testng.remote.RemoteTestNG.initAndRun(RemoteTestNG.java:251)
	at org.testng.remote.RemoteTestNG.main(RemoteTestNG.java:77)
</pre></div></td>
<td>0</td>
<td>com.Guru99.tests.FundTransferTest@4eb7f003</td></tr>
</table><p>
<table width='100%' border='1' class='invocation-skipped'>
<tr><td colspan='4' align='center'><b>SKIPPED CONFIGURATIONS</b></td></tr>
<tr><td><b>Test method</b></td>
<td width="30%"><b>Exception</b></td>
<td width="10%"><b>Time (seconds)</b></td>
<td><b>Instance</b></td>
</tr>
<tr>
<td title='com.Guru99.tests.NewCustomerTest.closebrowser()'><b>closebrowser</b><br>Test class: com.Guru99.tests.NewCustomerTest</td>
<td></td>
<td>-1622530824</td>
<td>com.Guru99.tests.NewCustomerTest@69b0fd6f</td></tr>
<tr>
<td title='com.Guru99.tests.FundTransferTest.launchbrowser()'><b>launchbrowser</b><br>Test class: com.Guru99.tests.FundTransferTest</td>
<td></td>
<td>-1622530824</td>
<td>com.Guru99.tests.FundTransferTest@4eb7f003</td></tr>
<tr>
<td title='com.Guru99.tests.EditCustomerTest.launchbrowser()'><b>launchbrowser</b><br>Test class: com.Guru99.tests.EditCustomerTest</td>
<td></td>
<td>-1622530824</td>
<td>com.Guru99.tests.EditCustomerTest@66d1af89</td></tr>
<tr>
<td title='com.Guru99.tests.MiniStatementTest.closebrowser()'><b>closebrowser</b><br>Test class: com.Guru99.tests.MiniStatementTest</td>
<td></td>
<td>-1622530824</td>
<td>com.Guru99.tests.MiniStatementTest@1b26f7b2</td></tr>
<tr>
<td title='com.Guru99.tests.NewAccountTest.openApplication()'><b>openApplication</b><br>Test class: com.Guru99.tests.NewAccountTest</td>
<td></td>
<td>-1622530824</td>
<td>com.Guru99.tests.NewAccountTest@6a1aab78</td></tr>
<tr>
<td title='com.Guru99.tests.WithdrowAmountTest.launchbrowser()'><b>launchbrowser</b><br>Test class: com.Guru99.tests.WithdrowAmountTest</td>
<td></td>
<td>-1622530824</td>
<td>com.Guru99.tests.WithdrowAmountTest@74ad1f1f</td></tr>
<tr>
<td title='com.Guru99.tests.WithdrowAmountTest.closebrowser()'><b>closebrowser</b><br>Test class: com.Guru99.tests.WithdrowAmountTest</td>
<td></td>
<td>-1622530824</td>
<td>com.Guru99.tests.WithdrowAmountTest@74ad1f1f</td></tr>
<tr>
<td title='com.Guru99.tests.EditCustomerTest.closebrowser()'><b>closebrowser</b><br>Test class: com.Guru99.tests.EditCustomerTest</td>
<td></td>
<td>-1622530824</td>
<td>com.Guru99.tests.EditCustomerTest@66d1af89</td></tr>
<tr>
<td title='com.Guru99.tests.BalanceEnquiryTest.openApplication()'><b>openApplication</b><br>Test class: com.Guru99.tests.BalanceEnquiryTest</td>
<td></td>
<td>-1622530824</td>
<td>com.Guru99.tests.BalanceEnquiryTest@4a87761d</td></tr>
<tr>
<td title='com.Guru99.tests.NewAccountTest.launchbrowser()'><b>launchbrowser</b><br>Test class: com.Guru99.tests.NewAccountTest</td>
<td></td>
<td>-1622530824</td>
<td>com.Guru99.tests.NewAccountTest@6a1aab78</td></tr>
<tr>
<td title='com.Guru99.tests.NewCustomerTest.launchbrowser()'><b>launchbrowser</b><br>Test class: com.Guru99.tests.NewCustomerTest</td>
<td></td>
<td>-1622530824</td>
<td>com.Guru99.tests.NewCustomerTest@69b0fd6f</td></tr>
<tr>
<td title='com.Guru99.tests.EditCustomerTest.openApplication()'><b>openApplication</b><br>Test class: com.Guru99.tests.EditCustomerTest</td>
<td></td>
<td>-1622530824</td>
<td>com.Guru99.tests.EditCustomerTest@66d1af89</td></tr>
<tr>
<td title='com.Guru99.tests.LoginTest.launchbrowser()'><b>launchbrowser</b><br>Test class: com.Guru99.tests.LoginTest</td>
<td></td>
<td>-1622530824</td>
<td>com.Guru99.tests.LoginTest@462d5aee</td></tr>
<tr>
<td title='com.Guru99.tests.DepositAmountTest.closebrowser()'><b>closebrowser</b><br>Test class: com.Guru99.tests.DepositAmountTest</td>
<td></td>
<td>-1622530824</td>
<td>com.Guru99.tests.DepositAmountTest@491cc5c9</td></tr>
<tr>
<td title='com.Guru99.tests.MiniStatementTest.openApplication()'><b>openApplication</b><br>Test class: com.Guru99.tests.MiniStatementTest</td>
<td></td>
<td>-1622530824</td>
<td>com.Guru99.tests.MiniStatementTest@1b26f7b2</td></tr>
<tr>
<td title='com.Guru99.tests.DepositAmountTest.openApplication()'><b>openApplication</b><br>Test class: com.Guru99.tests.DepositAmountTest</td>
<td></td>
<td>-1622530824</td>
<td>com.Guru99.tests.DepositAmountTest@491cc5c9</td></tr>
<tr>
<td title='com.Guru99.tests.BalanceEnquiryTest.launchbrowser()'><b>launchbrowser</b><br>Test class: com.Guru99.tests.BalanceEnquiryTest</td>
<td></td>
<td>-1622530824</td>
<td>com.Guru99.tests.BalanceEnquiryTest@4a87761d</td></tr>
<tr>
<td title='com.Guru99.tests.NewCustomerTest.openApplication()'><b>openApplication</b><br>Test class: com.Guru99.tests.NewCustomerTest</td>
<td></td>
<td>-1622530824</td>
<td>com.Guru99.tests.NewCustomerTest@69b0fd6f</td></tr>
<tr>
<td title='com.Guru99.tests.MiniStatementTest.launchbrowser()'><b>launchbrowser</b><br>Test class: com.Guru99.tests.MiniStatementTest</td>
<td></td>
<td>-1622530824</td>
<td>com.Guru99.tests.MiniStatementTest@1b26f7b2</td></tr>
<tr>
<td title='com.Guru99.tests.WithdrowAmountTest.openApplication()'><b>openApplication</b><br>Test class: com.Guru99.tests.WithdrowAmountTest</td>
<td></td>
<td>-1622530824</td>
<td>com.Guru99.tests.WithdrowAmountTest@74ad1f1f</td></tr>
<tr>
<td title='com.Guru99.tests.DepositAmountTest.launchbrowser()'><b>launchbrowser</b><br>Test class: com.Guru99.tests.DepositAmountTest</td>
<td></td>
<td>-1622530824</td>
<td>com.Guru99.tests.DepositAmountTest@491cc5c9</td></tr>
<tr>
<td title='com.Guru99.tests.FundTransferTest.closebrowser()'><b>closebrowser</b><br>Test class: com.Guru99.tests.FundTransferTest</td>
<td></td>
<td>-1622530824</td>
<td>com.Guru99.tests.FundTransferTest@4eb7f003</td></tr>
<tr>
<td title='com.Guru99.tests.BalanceEnquiryTest.closebrowser()'><b>closebrowser</b><br>Test class: com.Guru99.tests.BalanceEnquiryTest</td>
<td></td>
<td>-1622530824</td>
<td>com.Guru99.tests.BalanceEnquiryTest@4a87761d</td></tr>
<tr>
<td title='com.Guru99.tests.FundTransferTest.openApplication()'><b>openApplication</b><br>Test class: com.Guru99.tests.FundTransferTest</td>
<td></td>
<td>-1622530824</td>
<td>com.Guru99.tests.FundTransferTest@4eb7f003</td></tr>
<tr>
<td title='com.Guru99.tests.NewAccountTest.closebrowser()'><b>closebrowser</b><br>Test class: com.Guru99.tests.NewAccountTest</td>
<td></td>
<td>-1622530824</td>
<td>com.Guru99.tests.NewAccountTest@6a1aab78</td></tr>
<tr>
<td title='com.Guru99.tests.LoginTest.openApplication()'><b>openApplication</b><br>Test class: com.Guru99.tests.LoginTest</td>
<td></td>
<td>-1622530824</td>
<td>com.Guru99.tests.LoginTest@462d5aee</td></tr>
<tr>
<td title='com.Guru99.tests.LoginTest.closebrowser()'><b>closebrowser</b><br>Test class: com.Guru99.tests.LoginTest</td>
<td></td>
<td>-1622530824</td>
<td>com.Guru99.tests.LoginTest@462d5aee</td></tr>
</table><p>
<table width='100%' border='1' class='invocation-skipped'>
<tr><td colspan='4' align='center'><b>SKIPPED TESTS</b></td></tr>
<tr><td><b>Test method</b></td>
<td width="30%"><b>Exception</b></td>
<td width="10%"><b>Time (seconds)</b></td>
<td><b>Instance</b></td>
</tr>
<tr>
<td title='com.Guru99.tests.BalanceEnquiryTest.verifyEditCustomerDetails()'><b>verifyEditCustomerDetails</b><br>Test class: com.Guru99.tests.BalanceEnquiryTest</td>
<td><div><pre>java.io.FileNotFoundException: C:\Codebase\Bankproject\Resources\config\orangehrm.properties (The system cannot find the path specified)
	at java.io.FileInputStream.open0(Native Method)
	at java.io.FileInputStream.open(FileInputStream.java:195)
	at java.io.FileInputStream.&lt;init&gt;(FileInputStream.java:138)
	at com.Guru99.utilities.propertyutil.intializeproperty(propertyutil.java:14)
	at com.Guru99.globaltest.BaseTest.intialize(BaseTest.java:25)
... Removed 19 stack frames</pre></div><a href='#' onClick='toggleBox("stack-trace581318631", this, "Click to show all stack frames", "Click to hide stack frames")'>Click to show all stack frames</a>
<div class='stack-trace' id='stack-trace581318631'><pre>java.io.FileNotFoundException: C:\Codebase\Bankproject\Resources\config\orangehrm.properties (The system cannot find the path specified)
	at java.io.FileInputStream.open0(Native Method)
	at java.io.FileInputStream.open(FileInputStream.java:195)
	at java.io.FileInputStream.&lt;init&gt;(FileInputStream.java:138)
	at com.Guru99.utilities.propertyutil.intializeproperty(propertyutil.java:14)
	at com.Guru99.globaltest.BaseTest.intialize(BaseTest.java:25)
	at sun.reflect.NativeMethodAccessorImpl.invoke0(Native Method)
	at sun.reflect.NativeMethodAccessorImpl.invoke(NativeMethodAccessorImpl.java:62)
	at sun.reflect.DelegatingMethodAccessorImpl.invoke(DelegatingMethodAccessorImpl.java:43)
	at java.lang.reflect.Method.invoke(Method.java:498)
	at org.testng.internal.MethodInvocationHelper.invokeMethod(MethodInvocationHelper.java:133)
	at org.testng.internal.MethodInvocationHelper.invokeMethodConsideringTimeout(MethodInvocationHelper.java:62)
	at org.testng.internal.ConfigInvoker.invokeConfigurationMethod(ConfigInvoker.java:385)
	at org.testng.internal.ConfigInvoker.invokeConfigurations(ConfigInvoker.java:321)
	at org.testng.SuiteRunner.privateRun(SuiteRunner.java:317)
	at org.testng.SuiteRunner.run(SuiteRunner.java:276)
	at org.testng.SuiteRunnerWorker.runSuite(SuiteRunnerWorker.java:53)
	at org.testng.SuiteRunnerWorker.run(SuiteRunnerWorker.java:96)
	at org.testng.TestNG.runSuitesSequentially(TestNG.java:1212)
	at org.testng.TestNG.runSuitesLocally(TestNG.java:1134)
	at org.testng.TestNG.runSuites(TestNG.java:1063)
	at org.testng.TestNG.run(TestNG.java:1031)
	at org.testng.remote.AbstractRemoteTestNG.run(AbstractRemoteTestNG.java:115)
	at org.testng.remote.RemoteTestNG.initAndRun(RemoteTestNG.java:251)
	at org.testng.remote.RemoteTestNG.main(RemoteTestNG.java:77)
</pre></div></td>
<td>0</td>
<td>com.Guru99.tests.BalanceEnquiryTest@4a87761d</td></tr>
<tr>
<td title='com.Guru99.tests.LoginTest.verifyvaliedcredentals()'><b>verifyvaliedcredentals</b><br>Test class: com.Guru99.tests.LoginTest</td>
<td><div><pre>java.io.FileNotFoundException: C:\Codebase\Bankproject\Resources\config\orangehrm.properties (The system cannot find the path specified)
	at java.io.FileInputStream.open0(Native Method)
	at java.io.FileInputStream.open(FileInputStream.java:195)
	at java.io.FileInputStream.&lt;init&gt;(FileInputStream.java:138)
	at com.Guru99.utilities.propertyutil.intializeproperty(propertyutil.java:14)
	at com.Guru99.globaltest.BaseTest.intialize(BaseTest.java:25)
... Removed 19 stack frames</pre></div><a href='#' onClick='toggleBox("stack-trace2021707251", this, "Click to show all stack frames", "Click to hide stack frames")'>Click to show all stack frames</a>
<div class='stack-trace' id='stack-trace2021707251'><pre>java.io.FileNotFoundException: C:\Codebase\Bankproject\Resources\config\orangehrm.properties (The system cannot find the path specified)
	at java.io.FileInputStream.open0(Native Method)
	at java.io.FileInputStream.open(FileInputStream.java:195)
	at java.io.FileInputStream.&lt;init&gt;(FileInputStream.java:138)
	at com.Guru99.utilities.propertyutil.intializeproperty(propertyutil.java:14)
	at com.Guru99.globaltest.BaseTest.intialize(BaseTest.java:25)
	at sun.reflect.NativeMethodAccessorImpl.invoke0(Native Method)
	at sun.reflect.NativeMethodAccessorImpl.invoke(NativeMethodAccessorImpl.java:62)
	at sun.reflect.DelegatingMethodAccessorImpl.invoke(DelegatingMethodAccessorImpl.java:43)
	at java.lang.reflect.Method.invoke(Method.java:498)
	at org.testng.internal.MethodInvocationHelper.invokeMethod(MethodInvocationHelper.java:133)
	at org.testng.internal.MethodInvocationHelper.invokeMethodConsideringTimeout(MethodInvocationHelper.java:62)
	at org.testng.internal.ConfigInvoker.invokeConfigurationMethod(ConfigInvoker.java:385)
	at org.testng.internal.ConfigInvoker.invokeConfigurations(ConfigInvoker.java:321)
	at org.testng.SuiteRunner.privateRun(SuiteRunner.java:317)
	at org.testng.SuiteRunner.run(SuiteRunner.java:276)
	at org.testng.SuiteRunnerWorker.runSuite(SuiteRunnerWorker.java:53)
	at org.testng.SuiteRunnerWorker.run(SuiteRunnerWorker.java:96)
	at org.testng.TestNG.runSuitesSequentially(TestNG.java:1212)
	at org.testng.TestNG.runSuitesLocally(TestNG.java:1134)
	at org.testng.TestNG.runSuites(TestNG.java:1063)
	at org.testng.TestNG.run(TestNG.java:1031)
	at org.testng.remote.AbstractRemoteTestNG.run(AbstractRemoteTestNG.java:115)
	at org.testng.remote.RemoteTestNG.initAndRun(RemoteTestNG.java:251)
	at org.testng.remote.RemoteTestNG.main(RemoteTestNG.java:77)
</pre></div></td>
<td>0</td>
<td>com.Guru99.tests.LoginTest@462d5aee</td></tr>
<tr>
<td title='com.Guru99.tests.EditCustomerTest.verifyEditCustomerDetails()'><b>verifyEditCustomerDetails</b><br>Test class: com.Guru99.tests.EditCustomerTest</td>
<td><div><pre>java.io.FileNotFoundException: C:\Codebase\Bankproject\Resources\config\orangehrm.properties (The system cannot find the path specified)
	at java.io.FileInputStream.open0(Native Method)
	at java.io.FileInputStream.open(FileInputStream.java:195)
	at java.io.FileInputStream.&lt;init&gt;(FileInputStream.java:138)
	at com.Guru99.utilities.propertyutil.intializeproperty(propertyutil.java:14)
	at com.Guru99.globaltest.BaseTest.intialize(BaseTest.java:25)
... Removed 19 stack frames</pre></div><a href='#' onClick='toggleBox("stack-trace611572016", this, "Click to show all stack frames", "Click to hide stack frames")'>Click to show all stack frames</a>
<div class='stack-trace' id='stack-trace611572016'><pre>java.io.FileNotFoundException: C:\Codebase\Bankproject\Resources\config\orangehrm.properties (The system cannot find the path specified)
	at java.io.FileInputStream.open0(Native Method)
	at java.io.FileInputStream.open(FileInputStream.java:195)
	at java.io.FileInputStream.&lt;init&gt;(FileInputStream.java:138)
	at com.Guru99.utilities.propertyutil.intializeproperty(propertyutil.java:14)
	at com.Guru99.globaltest.BaseTest.intialize(BaseTest.java:25)
	at sun.reflect.NativeMethodAccessorImpl.invoke0(Native Method)
	at sun.reflect.NativeMethodAccessorImpl.invoke(NativeMethodAccessorImpl.java:62)
	at sun.reflect.DelegatingMethodAccessorImpl.invoke(DelegatingMethodAccessorImpl.java:43)
	at java.lang.reflect.Method.invoke(Method.java:498)
	at org.testng.internal.MethodInvocationHelper.invokeMethod(MethodInvocationHelper.java:133)
	at org.testng.internal.MethodInvocationHelper.invokeMethodConsideringTimeout(MethodInvocationHelper.java:62)
	at org.testng.internal.ConfigInvoker.invokeConfigurationMethod(ConfigInvoker.java:385)
	at org.testng.internal.ConfigInvoker.invokeConfigurations(ConfigInvoker.java:321)
	at org.testng.SuiteRunner.privateRun(SuiteRunner.java:317)
	at org.testng.SuiteRunner.run(SuiteRunner.java:276)
	at org.testng.SuiteRunnerWorker.runSuite(SuiteRunnerWorker.java:53)
	at org.testng.SuiteRunnerWorker.run(SuiteRunnerWorker.java:96)
	at org.testng.TestNG.runSuitesSequentially(TestNG.java:1212)
	at org.testng.TestNG.runSuitesLocally(TestNG.java:1134)
	at org.testng.TestNG.runSuites(TestNG.java:1063)
	at org.testng.TestNG.run(TestNG.java:1031)
	at org.testng.remote.AbstractRemoteTestNG.run(AbstractRemoteTestNG.java:115)
	at org.testng.remote.RemoteTestNG.initAndRun(RemoteTestNG.java:251)
	at org.testng.remote.RemoteTestNG.main(RemoteTestNG.java:77)
</pre></div></td>
<td>0</td>
<td>com.Guru99.tests.EditCustomerTest@66d1af89</td></tr>
<tr>
<td title='com.Guru99.tests.FundTransferTest.verifyFundsTranfer()'><b>verifyFundsTranfer</b><br>Test class: com.Guru99.tests.FundTransferTest</td>
<td><div><pre>java.io.FileNotFoundException: C:\Codebase\Bankproject\Resources\config\orangehrm.properties (The system cannot find the path specified)
	at java.io.FileInputStream.open0(Native Method)
	at java.io.FileInputStream.open(FileInputStream.java:195)
	at java.io.FileInputStream.&lt;init&gt;(FileInputStream.java:138)
	at com.Guru99.utilities.propertyutil.intializeproperty(propertyutil.java:14)
	at com.Guru99.globaltest.BaseTest.intialize(BaseTest.java:25)
... Removed 19 stack frames</pre></div><a href='#' onClick='toggleBox("stack-trace1990098664", this, "Click to show all stack frames", "Click to hide stack frames")'>Click to show all stack frames</a>
<div class='stack-trace' id='stack-trace1990098664'><pre>java.io.FileNotFoundException: C:\Codebase\Bankproject\Resources\config\orangehrm.properties (The system cannot find the path specified)
	at java.io.FileInputStream.open0(Native Method)
	at java.io.FileInputStream.open(FileInputStream.java:195)
	at java.io.FileInputStream.&lt;init&gt;(FileInputStream.java:138)
	at com.Guru99.utilities.propertyutil.intializeproperty(propertyutil.java:14)
	at com.Guru99.globaltest.BaseTest.intialize(BaseTest.java:25)
	at sun.reflect.NativeMethodAccessorImpl.invoke0(Native Method)
	at sun.reflect.NativeMethodAccessorImpl.invoke(NativeMethodAccessorImpl.java:62)
	at sun.reflect.DelegatingMethodAccessorImpl.invoke(DelegatingMethodAccessorImpl.java:43)
	at java.lang.reflect.Method.invoke(Method.java:498)
	at org.testng.internal.MethodInvocationHelper.invokeMethod(MethodInvocationHelper.java:133)
	at org.testng.internal.MethodInvocationHelper.invokeMethodConsideringTimeout(MethodInvocationHelper.java:62)
	at org.testng.internal.ConfigInvoker.invokeConfigurationMethod(ConfigInvoker.java:385)
	at org.testng.internal.ConfigInvoker.invokeConfigurations(ConfigInvoker.java:321)
	at org.testng.SuiteRunner.privateRun(SuiteRunner.java:317)
	at org.testng.SuiteRunner.run(SuiteRunner.java:276)
	at org.testng.SuiteRunnerWorker.runSuite(SuiteRunnerWorker.java:53)
	at org.testng.SuiteRunnerWorker.run(SuiteRunnerWorker.java:96)
	at org.testng.TestNG.runSuitesSequentially(TestNG.java:1212)
	at org.testng.TestNG.runSuitesLocally(TestNG.java:1134)
	at org.testng.TestNG.runSuites(TestNG.java:1063)
	at org.testng.TestNG.run(TestNG.java:1031)
	at org.testng.remote.AbstractRemoteTestNG.run(AbstractRemoteTestNG.java:115)
	at org.testng.remote.RemoteTestNG.initAndRun(RemoteTestNG.java:251)
	at org.testng.remote.RemoteTestNG.main(RemoteTestNG.java:77)
</pre></div></td>
<td>0</td>
<td>com.Guru99.tests.FundTransferTest@4eb7f003</td></tr>
<tr>
<td title='com.Guru99.tests.DepositAmountTest.verifyDepositAmount()'><b>verifyDepositAmount</b><br>Test class: com.Guru99.tests.DepositAmountTest</td>
<td><div><pre>java.io.FileNotFoundException: C:\Codebase\Bankproject\Resources\config\orangehrm.properties (The system cannot find the path specified)
	at java.io.FileInputStream.open0(Native Method)
	at java.io.FileInputStream.open(FileInputStream.java:195)
	at java.io.FileInputStream.&lt;init&gt;(FileInputStream.java:138)
	at com.Guru99.utilities.propertyutil.intializeproperty(propertyutil.java:14)
	at com.Guru99.globaltest.BaseTest.intialize(BaseTest.java:25)
... Removed 19 stack frames</pre></div><a href='#' onClick='toggleBox("stack-trace1183888521", this, "Click to show all stack frames", "Click to hide stack frames")'>Click to show all stack frames</a>
<div class='stack-trace' id='stack-trace1183888521'><pre>java.io.FileNotFoundException: C:\Codebase\Bankproject\Resources\config\orangehrm.properties (The system cannot find the path specified)
	at java.io.FileInputStream.open0(Native Method)
	at java.io.FileInputStream.open(FileInputStream.java:195)
	at java.io.FileInputStream.&lt;init&gt;(FileInputStream.java:138)
	at com.Guru99.utilities.propertyutil.intializeproperty(propertyutil.java:14)
	at com.Guru99.globaltest.BaseTest.intialize(BaseTest.java:25)
	at sun.reflect.NativeMethodAccessorImpl.invoke0(Native Method)
	at sun.reflect.NativeMethodAccessorImpl.invoke(NativeMethodAccessorImpl.java:62)
	at sun.reflect.DelegatingMethodAccessorImpl.invoke(DelegatingMethodAccessorImpl.java:43)
	at java.lang.reflect.Method.invoke(Method.java:498)
	at org.testng.internal.MethodInvocationHelper.invokeMethod(MethodInvocationHelper.java:133)
	at org.testng.internal.MethodInvocationHelper.invokeMethodConsideringTimeout(MethodInvocationHelper.java:62)
	at org.testng.internal.ConfigInvoker.invokeConfigurationMethod(ConfigInvoker.java:385)
	at org.testng.internal.ConfigInvoker.invokeConfigurations(ConfigInvoker.java:321)
	at org.testng.SuiteRunner.privateRun(SuiteRunner.java:317)
	at org.testng.SuiteRunner.run(SuiteRunner.java:276)
	at org.testng.SuiteRunnerWorker.runSuite(SuiteRunnerWorker.java:53)
	at org.testng.SuiteRunnerWorker.run(SuiteRunnerWorker.java:96)
	at org.testng.TestNG.runSuitesSequentially(TestNG.java:1212)
	at org.testng.TestNG.runSuitesLocally(TestNG.java:1134)
	at org.testng.TestNG.runSuites(TestNG.java:1063)
	at org.testng.TestNG.run(TestNG.java:1031)
	at org.testng.remote.AbstractRemoteTestNG.run(AbstractRemoteTestNG.java:115)
	at org.testng.remote.RemoteTestNG.initAndRun(RemoteTestNG.java:251)
	at org.testng.remote.RemoteTestNG.main(RemoteTestNG.java:77)
</pre></div></td>
<td>0</td>
<td>com.Guru99.tests.DepositAmountTest@491cc5c9</td></tr>
<tr>
<td title='com.Guru99.tests.WithdrowAmountTest.verifyWithdrowAmount()'><b>verifyWithdrowAmount</b><br>Test class: com.Guru99.tests.WithdrowAmountTest</td>
<td><div><pre>java.io.FileNotFoundException: C:\Codebase\Bankproject\Resources\config\orangehrm.properties (The system cannot find the path specified)
	at java.io.FileInputStream.open0(Native Method)
	at java.io.FileInputStream.open(FileInputStream.java:195)
	at java.io.FileInputStream.&lt;init&gt;(FileInputStream.java:138)
	at com.Guru99.utilities.propertyutil.intializeproperty(propertyutil.java:14)
	at com.Guru99.globaltest.BaseTest.intialize(BaseTest.java:25)
... Removed 19 stack frames</pre></div><a href='#' onClick='toggleBox("stack-trace1175259735", this, "Click to show all stack frames", "Click to hide stack frames")'>Click to show all stack frames</a>
<div class='stack-trace' id='stack-trace1175259735'><pre>java.io.FileNotFoundException: C:\Codebase\Bankproject\Resources\config\orangehrm.properties (The system cannot find the path specified)
	at java.io.FileInputStream.open0(Native Method)
	at java.io.FileInputStream.open(FileInputStream.java:195)
	at java.io.FileInputStream.&lt;init&gt;(FileInputStream.java:138)
	at com.Guru99.utilities.propertyutil.intializeproperty(propertyutil.java:14)
	at com.Guru99.globaltest.BaseTest.intialize(BaseTest.java:25)
	at sun.reflect.NativeMethodAccessorImpl.invoke0(Native Method)
	at sun.reflect.NativeMethodAccessorImpl.invoke(NativeMethodAccessorImpl.java:62)
	at sun.reflect.DelegatingMethodAccessorImpl.invoke(DelegatingMethodAccessorImpl.java:43)
	at java.lang.reflect.Method.invoke(Method.java:498)
	at org.testng.internal.MethodInvocationHelper.invokeMethod(MethodInvocationHelper.java:133)
	at org.testng.internal.MethodInvocationHelper.invokeMethodConsideringTimeout(MethodInvocationHelper.java:62)
	at org.testng.internal.ConfigInvoker.invokeConfigurationMethod(ConfigInvoker.java:385)
	at org.testng.internal.ConfigInvoker.invokeConfigurations(ConfigInvoker.java:321)
	at org.testng.SuiteRunner.privateRun(SuiteRunner.java:317)
	at org.testng.SuiteRunner.run(SuiteRunner.java:276)
	at org.testng.SuiteRunnerWorker.runSuite(SuiteRunnerWorker.java:53)
	at org.testng.SuiteRunnerWorker.run(SuiteRunnerWorker.java:96)
	at org.testng.TestNG.runSuitesSequentially(TestNG.java:1212)
	at org.testng.TestNG.runSuitesLocally(TestNG.java:1134)
	at org.testng.TestNG.runSuites(TestNG.java:1063)
	at org.testng.TestNG.run(TestNG.java:1031)
	at org.testng.remote.AbstractRemoteTestNG.run(AbstractRemoteTestNG.java:115)
	at org.testng.remote.RemoteTestNG.initAndRun(RemoteTestNG.java:251)
	at org.testng.remote.RemoteTestNG.main(RemoteTestNG.java:77)
</pre></div></td>
<td>0</td>
<td>com.Guru99.tests.WithdrowAmountTest@74ad1f1f</td></tr>
<tr>
<td title='com.Guru99.tests.NewCustomerTest.VerifyNewCustomer()'><b>VerifyNewCustomer</b><br>Test class: com.Guru99.tests.NewCustomerTest</td>
<td><div><pre>java.io.FileNotFoundException: C:\Codebase\Bankproject\Resources\config\orangehrm.properties (The system cannot find the path specified)
	at java.io.FileInputStream.open0(Native Method)
	at java.io.FileInputStream.open(FileInputStream.java:195)
	at java.io.FileInputStream.&lt;init&gt;(FileInputStream.java:138)
	at com.Guru99.utilities.propertyutil.intializeproperty(propertyutil.java:14)
	at com.Guru99.globaltest.BaseTest.intialize(BaseTest.java:25)
... Removed 19 stack frames</pre></div><a href='#' onClick='toggleBox("stack-trace2095303566", this, "Click to show all stack frames", "Click to hide stack frames")'>Click to show all stack frames</a>
<div class='stack-trace' id='stack-trace2095303566'><pre>java.io.FileNotFoundException: C:\Codebase\Bankproject\Resources\config\orangehrm.properties (The system cannot find the path specified)
	at java.io.FileInputStream.open0(Native Method)
	at java.io.FileInputStream.open(FileInputStream.java:195)
	at java.io.FileInputStream.&lt;init&gt;(FileInputStream.java:138)
	at com.Guru99.utilities.propertyutil.intializeproperty(propertyutil.java:14)
	at com.Guru99.globaltest.BaseTest.intialize(BaseTest.java:25)
	at sun.reflect.NativeMethodAccessorImpl.invoke0(Native Method)
	at sun.reflect.NativeMethodAccessorImpl.invoke(NativeMethodAccessorImpl.java:62)
	at sun.reflect.DelegatingMethodAccessorImpl.invoke(DelegatingMethodAccessorImpl.java:43)
	at java.lang.reflect.Method.invoke(Method.java:498)
	at org.testng.internal.MethodInvocationHelper.invokeMethod(MethodInvocationHelper.java:133)
	at org.testng.internal.MethodInvocationHelper.invokeMethodConsideringTimeout(MethodInvocationHelper.java:62)
	at org.testng.internal.ConfigInvoker.invokeConfigurationMethod(ConfigInvoker.java:385)
	at org.testng.internal.ConfigInvoker.invokeConfigurations(ConfigInvoker.java:321)
	at org.testng.SuiteRunner.privateRun(SuiteRunner.java:317)
	at org.testng.SuiteRunner.run(SuiteRunner.java:276)
	at org.testng.SuiteRunnerWorker.runSuite(SuiteRunnerWorker.java:53)
	at org.testng.SuiteRunnerWorker.run(SuiteRunnerWorker.java:96)
	at org.testng.TestNG.runSuitesSequentially(TestNG.java:1212)
	at org.testng.TestNG.runSuitesLocally(TestNG.java:1134)
	at org.testng.TestNG.runSuites(TestNG.java:1063)
	at org.testng.TestNG.run(TestNG.java:1031)
	at org.testng.remote.AbstractRemoteTestNG.run(AbstractRemoteTestNG.java:115)
	at org.testng.remote.RemoteTestNG.initAndRun(RemoteTestNG.java:251)
	at org.testng.remote.RemoteTestNG.main(RemoteTestNG.java:77)
</pre></div></td>
<td>0</td>
<td>com.Guru99.tests.NewCustomerTest@69b0fd6f</td></tr>
<tr>
<td title='com.Guru99.tests.MiniStatementTest.verifyMiniStatement()'><b>verifyMiniStatement</b><br>Test class: com.Guru99.tests.MiniStatementTest</td>
<td><div><pre>java.io.FileNotFoundException: C:\Codebase\Bankproject\Resources\config\orangehrm.properties (The system cannot find the path specified)
	at java.io.FileInputStream.open0(Native Method)
	at java.io.FileInputStream.open(FileInputStream.java:195)
	at java.io.FileInputStream.&lt;init&gt;(FileInputStream.java:138)
	at com.Guru99.utilities.propertyutil.intializeproperty(propertyutil.java:14)
	at com.Guru99.globaltest.BaseTest.intialize(BaseTest.java:25)
... Removed 19 stack frames</pre></div><a href='#' onClick='toggleBox("stack-trace355790875", this, "Click to show all stack frames", "Click to hide stack frames")'>Click to show all stack frames</a>
<div class='stack-trace' id='stack-trace355790875'><pre>java.io.FileNotFoundException: C:\Codebase\Bankproject\Resources\config\orangehrm.properties (The system cannot find the path specified)
	at java.io.FileInputStream.open0(Native Method)
	at java.io.FileInputStream.open(FileInputStream.java:195)
	at java.io.FileInputStream.&lt;init&gt;(FileInputStream.java:138)
	at com.Guru99.utilities.propertyutil.intializeproperty(propertyutil.java:14)
	at com.Guru99.globaltest.BaseTest.intialize(BaseTest.java:25)
	at sun.reflect.NativeMethodAccessorImpl.invoke0(Native Method)
	at sun.reflect.NativeMethodAccessorImpl.invoke(NativeMethodAccessorImpl.java:62)
	at sun.reflect.DelegatingMethodAccessorImpl.invoke(DelegatingMethodAccessorImpl.java:43)
	at java.lang.reflect.Method.invoke(Method.java:498)
	at org.testng.internal.MethodInvocationHelper.invokeMethod(MethodInvocationHelper.java:133)
	at org.testng.internal.MethodInvocationHelper.invokeMethodConsideringTimeout(MethodInvocationHelper.java:62)
	at org.testng.internal.ConfigInvoker.invokeConfigurationMethod(ConfigInvoker.java:385)
	at org.testng.internal.ConfigInvoker.invokeConfigurations(ConfigInvoker.java:321)
	at org.testng.SuiteRunner.privateRun(SuiteRunner.java:317)
	at org.testng.SuiteRunner.run(SuiteRunner.java:276)
	at org.testng.SuiteRunnerWorker.runSuite(SuiteRunnerWorker.java:53)
	at org.testng.SuiteRunnerWorker.run(SuiteRunnerWorker.java:96)
	at org.testng.TestNG.runSuitesSequentially(TestNG.java:1212)
	at org.testng.TestNG.runSuitesLocally(TestNG.java:1134)
	at org.testng.TestNG.runSuites(TestNG.java:1063)
	at org.testng.TestNG.run(TestNG.java:1031)
	at org.testng.remote.AbstractRemoteTestNG.run(AbstractRemoteTestNG.java:115)
	at org.testng.remote.RemoteTestNG.initAndRun(RemoteTestNG.java:251)
	at org.testng.remote.RemoteTestNG.main(RemoteTestNG.java:77)
</pre></div></td>
<td>0</td>
<td>com.Guru99.tests.MiniStatementTest@1b26f7b2</td></tr>
<tr>
<td title='com.Guru99.tests.NewAccountTest.verifyAddnewAccount()'><b>verifyAddnewAccount</b><br>Test class: com.Guru99.tests.NewAccountTest</td>
<td><div><pre>java.io.FileNotFoundException: C:\Codebase\Bankproject\Resources\config\orangehrm.properties (The system cannot find the path specified)
	at java.io.FileInputStream.open0(Native Method)
	at java.io.FileInputStream.open(FileInputStream.java:195)
	at java.io.FileInputStream.&lt;init&gt;(FileInputStream.java:138)
	at com.Guru99.utilities.propertyutil.intializeproperty(propertyutil.java:14)
	at com.Guru99.globaltest.BaseTest.intialize(BaseTest.java:25)
... Removed 19 stack frames</pre></div><a href='#' onClick='toggleBox("stack-trace454325163", this, "Click to show all stack frames", "Click to hide stack frames")'>Click to show all stack frames</a>
<div class='stack-trace' id='stack-trace454325163'><pre>java.io.FileNotFoundException: C:\Codebase\Bankproject\Resources\config\orangehrm.properties (The system cannot find the path specified)
	at java.io.FileInputStream.open0(Native Method)
	at java.io.FileInputStream.open(FileInputStream.java:195)
	at java.io.FileInputStream.&lt;init&gt;(FileInputStream.java:138)
	at com.Guru99.utilities.propertyutil.intializeproperty(propertyutil.java:14)
	at com.Guru99.globaltest.BaseTest.intialize(BaseTest.java:25)
	at sun.reflect.NativeMethodAccessorImpl.invoke0(Native Method)
	at sun.reflect.NativeMethodAccessorImpl.invoke(NativeMethodAccessorImpl.java:62)
	at sun.reflect.DelegatingMethodAccessorImpl.invoke(DelegatingMethodAccessorImpl.java:43)
	at java.lang.reflect.Method.invoke(Method.java:498)
	at org.testng.internal.MethodInvocationHelper.invokeMethod(MethodInvocationHelper.java:133)
	at org.testng.internal.MethodInvocationHelper.invokeMethodConsideringTimeout(MethodInvocationHelper.java:62)
	at org.testng.internal.ConfigInvoker.invokeConfigurationMethod(ConfigInvoker.java:385)
	at org.testng.internal.ConfigInvoker.invokeConfigurations(ConfigInvoker.java:321)
	at org.testng.SuiteRunner.privateRun(SuiteRunner.java:317)
	at org.testng.SuiteRunner.run(SuiteRunner.java:276)
	at org.testng.SuiteRunnerWorker.runSuite(SuiteRunnerWorker.java:53)
	at org.testng.SuiteRunnerWorker.run(SuiteRunnerWorker.java:96)
	at org.testng.TestNG.runSuitesSequentially(TestNG.java:1212)
	at org.testng.TestNG.runSuitesLocally(TestNG.java:1134)
	at org.testng.TestNG.runSuites(TestNG.java:1063)
	at org.testng.TestNG.run(TestNG.java:1031)
	at org.testng.remote.AbstractRemoteTestNG.run(AbstractRemoteTestNG.java:115)
	at org.testng.remote.RemoteTestNG.initAndRun(RemoteTestNG.java:251)
	at org.testng.remote.RemoteTestNG.main(RemoteTestNG.java:77)
</pre></div></td>
<td>0</td>
<td>com.Guru99.tests.NewAccountTest@6a1aab78</td></tr>
</table><p>
</body>
</html>