<?xml version="1.0" encoding="UTF-8"?>
<!-- Generated by org.testng.reporters.JUnitReportReporter -->
<testsuite skipped="1" hostname="DESKTOP-BNAETR8" name="com.Guru99.tests.FundTransferTest" tests="2" failures="0" timestamp="2021-06-01T12:30:25 IST" time="0.011" errors="1">
  <testcase name="intialize" time="0.011" classname="com.Guru99.tests.FundTransferTest">
    <error type="java.io.FileNotFoundException" message="C:\Codebase\Bankproject\Resources\config\orangehrm.properties (The system cannot find the path specified)">
      <![CDATA[java.io.FileNotFoundException: C:\Codebase\Bankproject\Resources\config\orangehrm.properties (The system cannot find the path specified)
at java.io.FileInputStream.open0(Native Method)
at java.io.FileInputStream.open(FileInputStream.java:195)
at java.io.FileInputStream.<init>(FileInputStream.java:138)
at com.Guru99.utilities.propertyutil.intializeproperty(propertyutil.java:14)
at com.Guru99.globaltest.BaseTest.intialize(BaseTest.java:25)
at sun.reflect.NativeMethodAccessorImpl.invoke0(Native Method)
at sun.reflect.NativeMethodAccessorImpl.invoke(NativeMethodAccessorImpl.java:62)
at sun.reflect.DelegatingMethodAccessorImpl.invoke(DelegatingMethodAccessorImpl.java:43)
at java.lang.reflect.Method.invoke(Method.java:498)
at org.testng.internal.MethodInvocationHelper.invokeMethod(MethodInvocationHelper.java:133)
at org.testng.internal.MethodInvocationHelper.invokeMethodConsideringTimeout(MethodInvocationHelper.java:62)
at org.testng.internal.ConfigInvoker.invokeConfigurationMethod(ConfigInvoker.java:385)
at org.testng.internal.ConfigInvoker.invokeConfigurations(ConfigInvoker.java:321)
at org.testng.SuiteRunner.privateRun(SuiteRunner.java:317)
at org.testng.SuiteRunner.run(SuiteRunner.java:276)
at org.testng.SuiteRunnerWorker.runSuite(SuiteRunnerWorker.java:53)
at org.testng.SuiteRunnerWorker.run(SuiteRunnerWorker.java:96)
at org.testng.TestNG.runSuitesSequentially(TestNG.java:1212)
at org.testng.TestNG.runSuitesLocally(TestNG.java:1134)
at org.testng.TestNG.runSuites(TestNG.java:1063)
at org.testng.TestNG.run(TestNG.java:1031)
at org.testng.remote.AbstractRemoteTestNG.run(AbstractRemoteTestNG.java:115)
at org.testng.remote.RemoteTestNG.initAndRun(RemoteTestNG.java:251)
at org.testng.remote.RemoteTestNG.main(RemoteTestNG.java:77)
]]>
    </error>
  </testcase> <!-- intialize -->
  <system-out/>
  <testcase name="verifyFundsTranfer" time="0.000" classname="com.Guru99.tests.FundTransferTest">
    <skipped/>
  </testcase> <!-- verifyFundsTranfer -->
  <system-out/>
</testsuite> <!-- com.Guru99.tests.FundTransferTest -->
